<?xml version="1.0" encoding="UTF-8"?>
<testsuites name="Facebook - Register Multiple User with Email" time="66" tests="1" failures="1" errors="0">
   <testsuite name="Facebook - Register Multiple User with Email" tests="1" failures="1" errors="0" time="66" timestamp="2018-12-10 00:57:54" hostname="ADMIN - DESKTOP-H2TL9NJ" id="Test Suites/Facebook - Register Multiple User with Email">
      <properties>
         <property name="deviceName" value=""/>
         <property name="devicePlatform" value=""/>
         <property name="logFolder" value="C:\\Users\\ADMIN\\git\\katalon\\Reports\\Facebook - Register Multiple User with Email\\20181210_005749"/>
         <property name="logFiles" value="C:\\Users\\ADMIN\\git\\katalon\\Reports\\Facebook - Register Multiple User with Email\\20181210_005749\\execution0.log"/>
         <property name="attachments" value="C:\\Users\\ADMIN\\git\\katalon\\Reports\\Facebook - Register Multiple User with Email\\20181210_005749\\1544378328372.png"/>
         <property name="hostName" value="ADMIN - DESKTOP-H2TL9NJ"/>
         <property name="os" value="Windows 10 64bit"/>
         <property name="katalonVersion" value="5.9.1.2"/>
         <property name="browser" value="Chrome 70.0.3538.110"/>
         <property name="hostAddress" value="192.168.100.21"/>
         <property name="sessionId" value="2ed184f1718cebe9d709a0b361d68c40"/>
         <property name="seleniumVersion" value="3.7.1"/>
         <property name="proxyInformation" value="ProxyInformation{proxyOption=NO_PROXY, proxyServerType=HTTP, password=, proxyServerAddress=, proxyServerPort=0}"/>
         <property name="platform" value="Windows 10"/>
      </properties>
      <testcase name="Test Cases/Register Facebook by Email" classname="Test Cases/Register Facebook by Email" status="FAILED">
         <failure type="FAILED" message="Test Cases/Register Facebook by Email FAILED.
Reason:
com.kms.katalon.core.exception.StepFailedException: Unable to click on object 'Object Repository/chk_male' (Root cause: com.kms.katalon.core.webui.exception.WebElementNotFoundException: Web element with id: 'Object Repository/chk_male' located by 'By.xpath: //*[@name = 'sex' and @id = 'u_0_a']' not found)
	at com.kms.katalon.core.keyword.internal.KeywordMain.stepFailed(KeywordMain.groovy:36)
	at com.kms.katalon.core.webui.keyword.internal.WebUIKeywordMain.stepFailed(WebUIKeywordMain.groovy:65)
	at com.kms.katalon.core.webui.keyword.internal.WebUIKeywordMain.runKeyword(WebUIKeywordMain.groovy:27)
	at com.kms.katalon.core.webui.keyword.builtin.ClickKeyword.click(ClickKeyword.groovy:86)
	at com.kms.katalon.core.webui.keyword.builtin.ClickKeyword.execute(ClickKeyword.groovy:67)
	at com.kms.katalon.core.keyword.internal.KeywordExecutor.executeKeywordForPlatform(KeywordExecutor.groovy:53)
	at com.kms.katalon.core.webui.keyword.WebUiBuiltInKeywords.click(WebUiBuiltInKeywords.groovy:616)
	at com.kms.katalon.core.webui.keyword.WebUiBuiltInKeywords$click$4.call(Unknown Source)
	at Register Facebook by Email.run(Register Facebook by Email:48)
	at com.kms.katalon.core.main.ScriptEngine.run(ScriptEngine.java:194)
	at com.kms.katalon.core.main.ScriptEngine.runScriptAsRawText(ScriptEngine.java:119)
	at com.kms.katalon.core.main.TestCaseExecutor.runScript(TestCaseExecutor.java:321)
	at com.kms.katalon.core.main.TestCaseExecutor.doExecute(TestCaseExecutor.java:312)
	at com.kms.katalon.core.main.TestCaseExecutor.processExecutionPhase(TestCaseExecutor.java:291)
	at com.kms.katalon.core.main.TestCaseExecutor.accessMainPhase(TestCaseExecutor.java:283)
	at com.kms.katalon.core.main.TestCaseExecutor.execute(TestCaseExecutor.java:222)
	at com.kms.katalon.core.main.TestSuiteExecutor.accessTestCaseMainPhase(TestSuiteExecutor.java:129)
	at com.kms.katalon.core.main.TestSuiteExecutor.accessTestSuiteMainPhase(TestSuiteExecutor.java:112)
	at com.kms.katalon.core.main.TestSuiteExecutor.execute(TestSuiteExecutor.java:81)
	at com.kms.katalon.core.main.TestCaseMain.startTestSuite(TestCaseMain.java:149)
	at com.kms.katalon.core.main.TestCaseMain$startTestSuite$0.call(Unknown Source)
	at TempTestSuite1544378269998.run(TempTestSuite1544378269998.groovy:36)
"/>
         <system-out><![CDATA[2018-12-10 00:57:55 - [TEST_CASE][FAILED] - Test Cases/Register Facebook by Email: Test Cases/Register Facebook by Email FAILED.
Reason:
com.kms.katalon.core.exception.StepFailedException: Unable to click on object 'Object Repository/chk_male' (Root cause: com.kms.katalon.core.webui.exception.WebElementNotFoundException: Web element with id: 'Object Repository/chk_male' located by 'By.xpath: //*[@name = 'sex' and @id = 'u_0_a']' not found)
	at com.kms.katalon.core.keyword.internal.KeywordMain.stepFailed(KeywordMain.groovy:36)
	at com.kms.katalon.core.webui.keyword.internal.WebUIKeywordMain.stepFailed(WebUIKeywordMain.groovy:65)
	at com.kms.katalon.core.webui.keyword.internal.WebUIKeywordMain.runKeyword(WebUIKeywordMain.groovy:27)
	at com.kms.katalon.core.webui.keyword.builtin.ClickKeyword.click(ClickKeyword.groovy:86)
	at com.kms.katalon.core.webui.keyword.builtin.ClickKeyword.execute(ClickKeyword.groovy:67)
	at com.kms.katalon.core.keyword.internal.KeywordExecutor.executeKeywordForPlatform(KeywordExecutor.groovy:53)
	at com.kms.katalon.core.webui.keyword.WebUiBuiltInKeywords.click(WebUiBuiltInKeywords.groovy:616)
	at com.kms.katalon.core.webui.keyword.WebUiBuiltInKeywords$click$4.call(Unknown Source)
	at Register Facebook by Email.run(Register Facebook by Email:48)
	at com.kms.katalon.core.main.ScriptEngine.run(ScriptEngine.java:194)
	at com.kms.katalon.core.main.ScriptEngine.runScriptAsRawText(ScriptEngine.java:119)
	at com.kms.katalon.core.main.TestCaseExecutor.runScript(TestCaseExecutor.java:321)
	at com.kms.katalon.core.main.TestCaseExecutor.doExecute(TestCaseExecutor.java:312)
	at com.kms.katalon.core.main.TestCaseExecutor.processExecutionPhase(TestCaseExecutor.java:291)
	at com.kms.katalon.core.main.TestCaseExecutor.accessMainPhase(TestCaseExecutor.java:283)
	at com.kms.katalon.core.main.TestCaseExecutor.execute(TestCaseExecutor.java:222)
	at com.kms.katalon.core.main.TestSuiteExecutor.accessTestCaseMainPhase(TestSuiteExecutor.java:129)
	at com.kms.katalon.core.main.TestSuiteExecutor.accessTestSuiteMainPhase(TestSuiteExecutor.java:112)
	at com.kms.katalon.core.main.TestSuiteExecutor.execute(TestSuiteExecutor.java:81)
	at com.kms.katalon.core.main.TestCaseMain.startTestSuite(TestCaseMain.java:149)
	at com.kms.katalon.core.main.TestCaseMain$startTestSuite$0.call(Unknown Source)
	at TempTestSuite1544378269998.run(TempTestSuite1544378269998.groovy:36)


2018-12-10 00:57:57 - [TEST_STEP][PASSED] - openBrowser(""): Browser is opened with url: ''

2018-12-10 00:57:58 - [MESSAGE][INFO] - Starting 'Chrome' driver

2018-12-10 00:57:58 - [MESSAGE][INFO] - Action delay is set to 0 seconds

2018-12-10 00:58:03 - [MESSAGE][PASSED] - Browser is opened with url: ''

2018-12-10 00:58:03 - [TEST_STEP][PASSED] - navigateToUrl("https://www.facebook.com"): Navigate to 'https://www.facebook.com' successfully

2018-12-10 00:58:06 - [MESSAGE][PASSED] - Navigate to 'https://www.facebook.com' successfully

2018-12-10 00:58:06 - [TEST_STEP][PASSED] - setText(findTestObject("txt_nama_dpn"), firstname): Text 'Soni' is set on object 'Object Repository/txt_nama_dpn'

2018-12-10 00:58:07 - [MESSAGE][PASSED] - Text 'Soni' is set on object 'Object Repository/txt_nama_dpn'

2018-12-10 00:58:07 - [TEST_STEP][PASSED] - setText(findTestObject("txt_nama_blk"), lastname): Text 'Soemarsono' is set on object 'Object Repository/txt_nama_blk'

2018-12-10 00:58:08 - [MESSAGE][PASSED] - Text 'Soemarsono' is set on object 'Object Repository/txt_nama_blk'

2018-12-10 00:58:08 - [TEST_STEP][PASSED] - setText(findTestObject("txt_email_no_telp"), email): Text 'dono12@gmail.com' is set on object 'Object Repository/txt_email_no_telp'

2018-12-10 00:58:09 - [MESSAGE][PASSED] - Text 'dono12@gmail.com' is set on object 'Object Repository/txt_email_no_telp'

2018-12-10 00:58:09 - [TEST_STEP][PASSED] - delay(3): Delayed 3 second(s)

2018-12-10 00:58:12 - [MESSAGE][PASSED] - Delayed 3 second(s)

2018-12-10 00:58:12 - [TEST_STEP][PASSED] - setText(findTestObject("txt_email_val"), email): Text 'dono12@gmail.com' is set on object 'Object Repository/txt_email_val'

2018-12-10 00:58:12 - [MESSAGE][PASSED] - Text 'dono12@gmail.com' is set on object 'Object Repository/txt_email_val'

2018-12-10 00:58:12 - [TEST_STEP][PASSED] - setMaskedText(findTestObject("txt_password"), password): Text '*********' is set on object 'Object Repository/txt_password'

2018-12-10 00:58:13 - [MESSAGE][PASSED] - Text '*********' is set on object 'Object Repository/txt_password'

2018-12-10 00:58:13 - [TEST_STEP][PASSED] - selectOptionByValue(findTestObject("slt_day"), day, false): All options with value '23' are selected in object 'Object Repository/slt_day' 

2018-12-10 00:58:13 - [MESSAGE][PASSED] - All options with value '23' are selected in object 'Object Repository/slt_day' 

2018-12-10 00:58:13 - [TEST_STEP][PASSED] - selectOptionByValue(findTestObject("slt_month"), month, false): All options with value '1' are selected in object 'Object Repository/slt_month' 

2018-12-10 00:58:14 - [MESSAGE][PASSED] - All options with value '1' are selected in object 'Object Repository/slt_month' 

2018-12-10 00:58:14 - [TEST_STEP][PASSED] - selectOptionByValue(findTestObject("slt_year"), year, false): All options with value '1992' are selected in object 'Object Repository/slt_year' 

2018-12-10 00:58:14 - [MESSAGE][PASSED] - All options with value '1992' are selected in object 'Object Repository/slt_year' 

2018-12-10 00:58:14 - [TEST_STEP][FAILED] - if (gender.toLowerCase() == "l"): if (gender.toLowerCase() == "l") FAILED.
Reason:
com.kms.katalon.core.exception.StepFailedException: Unable to click on object 'Object Repository/chk_male' (Root cause: com.kms.katalon.core.webui.exception.WebElementNotFoundException: Web element with id: 'Object Repository/chk_male' located by 'By.xpath: //*[@name = 'sex' and @id = 'u_0_a']' not found)
	at com.kms.katalon.core.keyword.internal.KeywordMain.stepFailed(KeywordMain.groovy:36)
	at com.kms.katalon.core.webui.keyword.internal.WebUIKeywordMain.stepFailed(WebUIKeywordMain.groovy:65)
	at com.kms.katalon.core.webui.keyword.internal.WebUIKeywordMain.runKeyword(WebUIKeywordMain.groovy:27)
	at com.kms.katalon.core.webui.keyword.builtin.ClickKeyword.click(ClickKeyword.groovy:86)
	at com.kms.katalon.core.webui.keyword.builtin.ClickKeyword.execute(ClickKeyword.groovy:67)
	at com.kms.katalon.core.keyword.internal.KeywordExecutor.executeKeywordForPlatform(KeywordExecutor.groovy:53)
	at com.kms.katalon.core.webui.keyword.WebUiBuiltInKeywords.click(WebUiBuiltInKeywords.groovy:616)
	at com.kms.katalon.core.webui.keyword.WebUiBuiltInKeywords$click$4.call(Unknown Source)
	at Register Facebook by Email.run(Register Facebook by Email:48)
	at com.kms.katalon.core.main.ScriptEngine.run(ScriptEngine.java:194)
	at com.kms.katalon.core.main.ScriptEngine.runScriptAsRawText(ScriptEngine.java:119)
	at com.kms.katalon.core.main.TestCaseExecutor.runScript(TestCaseExecutor.java:321)
	at com.kms.katalon.core.main.TestCaseExecutor.doExecute(TestCaseExecutor.java:312)
	at com.kms.katalon.core.main.TestCaseExecutor.processExecutionPhase(TestCaseExecutor.java:291)
	at com.kms.katalon.core.main.TestCaseExecutor.accessMainPhase(TestCaseExecutor.java:283)
	at com.kms.katalon.core.main.TestCaseExecutor.execute(TestCaseExecutor.java:222)
	at com.kms.katalon.core.main.TestSuiteExecutor.accessTestCaseMainPhase(TestSuiteExecutor.java:129)
	at com.kms.katalon.core.main.TestSuiteExecutor.accessTestSuiteMainPhase(TestSuiteExecutor.java:112)
	at com.kms.katalon.core.main.TestSuiteExecutor.execute(TestSuiteExecutor.java:81)
	at com.kms.katalon.core.main.TestCaseMain.startTestSuite(TestCaseMain.java:149)
	at com.kms.katalon.core.main.TestCaseMain$startTestSuite$0.call(Unknown Source)
	at TempTestSuite1544378269998.run(TempTestSuite1544378269998.groovy:36)


2018-12-10 00:58:14 - [TEST_STEP][FAILED] - click(findTestObject("chk_male")): if (gender.toLowerCase() == "l") FAILED.
Reason:
com.kms.katalon.core.exception.StepFailedException: Unable to click on object 'Object Repository/chk_male' (Root cause: com.kms.katalon.core.webui.exception.WebElementNotFoundException: Web element with id: 'Object Repository/chk_male' located by 'By.xpath: //*[@name = 'sex' and @id = 'u_0_a']' not found)
	at com.kms.katalon.core.keyword.internal.KeywordMain.stepFailed(KeywordMain.groovy:36)
	at com.kms.katalon.core.webui.keyword.internal.WebUIKeywordMain.stepFailed(WebUIKeywordMain.groovy:65)
	at com.kms.katalon.core.webui.keyword.internal.WebUIKeywordMain.runKeyword(WebUIKeywordMain.groovy:27)
	at com.kms.katalon.core.webui.keyword.builtin.ClickKeyword.click(ClickKeyword.groovy:86)
	at com.kms.katalon.core.webui.keyword.builtin.ClickKeyword.execute(ClickKeyword.groovy:67)
	at com.kms.katalon.core.keyword.internal.KeywordExecutor.executeKeywordForPlatform(KeywordExecutor.groovy:53)
	at com.kms.katalon.core.webui.keyword.WebUiBuiltInKeywords.click(WebUiBuiltInKeywords.groovy:616)
	at com.kms.katalon.core.webui.keyword.WebUiBuiltInKeywords$click$4.call(Unknown Source)
	at Register Facebook by Email.run(Register Facebook by Email:48)
	at com.kms.katalon.core.main.ScriptEngine.run(ScriptEngine.java:194)
	at com.kms.katalon.core.main.ScriptEngine.runScriptAsRawText(ScriptEngine.java:119)
	at com.kms.katalon.core.main.TestCaseExecutor.runScript(TestCaseExecutor.java:321)
	at com.kms.katalon.core.main.TestCaseExecutor.doExecute(TestCaseExecutor.java:312)
	at com.kms.katalon.core.main.TestCaseExecutor.processExecutionPhase(TestCaseExecutor.java:291)
	at com.kms.katalon.core.main.TestCaseExecutor.accessMainPhase(TestCaseExecutor.java:283)
	at com.kms.katalon.core.main.TestCaseExecutor.execute(TestCaseExecutor.java:222)
	at com.kms.katalon.core.main.TestSuiteExecutor.accessTestCaseMainPhase(TestSuiteExecutor.java:129)
	at com.kms.katalon.core.main.TestSuiteExecutor.accessTestSuiteMainPhase(TestSuiteExecutor.java:112)
	at com.kms.katalon.core.main.TestSuiteExecutor.execute(TestSuiteExecutor.java:81)
	at com.kms.katalon.core.main.TestCaseMain.startTestSuite(TestCaseMain.java:149)
	at com.kms.katalon.core.main.TestCaseMain$startTestSuite$0.call(Unknown Source)
	at TempTestSuite1544378269998.run(TempTestSuite1544378269998.groovy:36)


2018-12-10 00:58:48 - [MESSAGE][INFO] - Unable to find the element located by 'By.xpath: //*[@name = 'sex' and @id = 'u_0_a']'. Please recheck the objects properties to make sure the desired element is located. 

2018-12-10 00:58:48 - [MESSAGE][FAILED] - Unable to click on object 'Object Repository/chk_male' (Root cause: com.kms.katalon.core.webui.exception.WebElementNotFoundException: Web element with id: 'Object Repository/chk_male' located by 'By.xpath: //*[@name = 'sex' and @id = 'u_0_a']' not found)
[[ATTACHMENT|C:\\Users\\ADMIN\\git\\katalon\\Reports\\Facebook - Register Multiple User with Email\\20181210_005749\\1544378328372.png]]

2018-12-10 00:58:48 - [MESSAGE][FAILED] - if (gender.toLowerCase() == "l") FAILED.
Reason:
com.kms.katalon.core.exception.StepFailedException: Unable to click on object 'Object Repository/chk_male' (Root cause: com.kms.katalon.core.webui.exception.WebElementNotFoundException: Web element with id: 'Object Repository/chk_male' located by 'By.xpath: //*[@name = 'sex' and @id = 'u_0_a']' not found)
	at com.kms.katalon.core.keyword.internal.KeywordMain.stepFailed(KeywordMain.groovy:36)
	at com.kms.katalon.core.webui.keyword.internal.WebUIKeywordMain.stepFailed(WebUIKeywordMain.groovy:65)
	at com.kms.katalon.core.webui.keyword.internal.WebUIKeywordMain.runKeyword(WebUIKeywordMain.groovy:27)
	at com.kms.katalon.core.webui.keyword.builtin.ClickKeyword.click(ClickKeyword.groovy:86)
	at com.kms.katalon.core.webui.keyword.builtin.ClickKeyword.execute(ClickKeyword.groovy:67)
	at com.kms.katalon.core.keyword.internal.KeywordExecutor.executeKeywordForPlatform(KeywordExecutor.groovy:53)
	at com.kms.katalon.core.webui.keyword.WebUiBuiltInKeywords.click(WebUiBuiltInKeywords.groovy:616)
	at com.kms.katalon.core.webui.keyword.WebUiBuiltInKeywords$click$4.call(Unknown Source)
	at Register Facebook by Email.run(Register Facebook by Email:48)
	at com.kms.katalon.core.main.ScriptEngine.run(ScriptEngine.java:194)
	at com.kms.katalon.core.main.ScriptEngine.runScriptAsRawText(ScriptEngine.java:119)
	at com.kms.katalon.core.main.TestCaseExecutor.runScript(TestCaseExecutor.java:321)
	at com.kms.katalon.core.main.TestCaseExecutor.doExecute(TestCaseExecutor.java:312)
	at com.kms.katalon.core.main.TestCaseExecutor.processExecutionPhase(TestCaseExecutor.java:291)
	at com.kms.katalon.core.main.TestCaseExecutor.accessMainPhase(TestCaseExecutor.java:283)
	at com.kms.katalon.core.main.TestCaseExecutor.execute(TestCaseExecutor.java:222)
	at com.kms.katalon.core.main.TestSuiteExecutor.accessTestCaseMainPhase(TestSuiteExecutor.java:129)
	at com.kms.katalon.core.main.TestSuiteExecutor.accessTestSuiteMainPhase(TestSuiteExecutor.java:112)
	at com.kms.katalon.core.main.TestSuiteExecutor.execute(TestSuiteExecutor.java:81)
	at com.kms.katalon.core.main.TestCaseMain.startTestSuite(TestCaseMain.java:149)
	at com.kms.katalon.core.main.TestCaseMain$startTestSuite$0.call(Unknown Source)
	at TempTestSuite1544378269998.run(TempTestSuite1544378269998.groovy:36)]]></system-out>
         <system-err><![CDATA[2018-12-10 00:57:55 - [TEST_CASE][FAILED] - Test Cases/Register Facebook by Email: Test Cases/Register Facebook by Email FAILED.
Reason:
com.kms.katalon.core.exception.StepFailedException: Unable to click on object 'Object Repository/chk_male' (Root cause: com.kms.katalon.core.webui.exception.WebElementNotFoundException: Web element with id: 'Object Repository/chk_male' located by 'By.xpath: //*[@name = 'sex' and @id = 'u_0_a']' not found)
	at com.kms.katalon.core.keyword.internal.KeywordMain.stepFailed(KeywordMain.groovy:36)
	at com.kms.katalon.core.webui.keyword.internal.WebUIKeywordMain.stepFailed(WebUIKeywordMain.groovy:65)
	at com.kms.katalon.core.webui.keyword.internal.WebUIKeywordMain.runKeyword(WebUIKeywordMain.groovy:27)
	at com.kms.katalon.core.webui.keyword.builtin.ClickKeyword.click(ClickKeyword.groovy:86)
	at com.kms.katalon.core.webui.keyword.builtin.ClickKeyword.execute(ClickKeyword.groovy:67)
	at com.kms.katalon.core.keyword.internal.KeywordExecutor.executeKeywordForPlatform(KeywordExecutor.groovy:53)
	at com.kms.katalon.core.webui.keyword.WebUiBuiltInKeywords.click(WebUiBuiltInKeywords.groovy:616)
	at com.kms.katalon.core.webui.keyword.WebUiBuiltInKeywords$click$4.call(Unknown Source)
	at Register Facebook by Email.run(Register Facebook by Email:48)
	at com.kms.katalon.core.main.ScriptEngine.run(ScriptEngine.java:194)
	at com.kms.katalon.core.main.ScriptEngine.runScriptAsRawText(ScriptEngine.java:119)
	at com.kms.katalon.core.main.TestCaseExecutor.runScript(TestCaseExecutor.java:321)
	at com.kms.katalon.core.main.TestCaseExecutor.doExecute(TestCaseExecutor.java:312)
	at com.kms.katalon.core.main.TestCaseExecutor.processExecutionPhase(TestCaseExecutor.java:291)
	at com.kms.katalon.core.main.TestCaseExecutor.accessMainPhase(TestCaseExecutor.java:283)
	at com.kms.katalon.core.main.TestCaseExecutor.execute(TestCaseExecutor.java:222)
	at com.kms.katalon.core.main.TestSuiteExecutor.accessTestCaseMainPhase(TestSuiteExecutor.java:129)
	at com.kms.katalon.core.main.TestSuiteExecutor.accessTestSuiteMainPhase(TestSuiteExecutor.java:112)
	at com.kms.katalon.core.main.TestSuiteExecutor.execute(TestSuiteExecutor.java:81)
	at com.kms.katalon.core.main.TestCaseMain.startTestSuite(TestCaseMain.java:149)
	at com.kms.katalon.core.main.TestCaseMain$startTestSuite$0.call(Unknown Source)
	at TempTestSuite1544378269998.run(TempTestSuite1544378269998.groovy:36)]]></system-err>
      </testcase>
      <testcase name="Test Cases/Register Facebook by Email" classname="Test Cases/Register Facebook by Email" status="PASSED">
         <system-out><![CDATA[2018-12-10 00:58:48 - [TEST_CASE][PASSED] - Test Cases/Register Facebook by Email: Test Cases/Register Facebook by Email

2018-12-10 00:58:48 - [TEST_STEP][PASSED] - openBrowser(""): Browser is opened with url: ''

2018-12-10 00:58:48 - [MESSAGE][WARNING] - A browser is already opened. Closing browser and opening a new one

2018-12-10 00:58:49 - [MESSAGE][INFO] - Starting 'Chrome' driver

2018-12-10 00:58:51 - [MESSAGE][PASSED] - Browser is opened with url: ''

2018-12-10 00:58:51 - [TEST_STEP][PASSED] - navigateToUrl("https://www.facebook.com"): Navigate to 'https://www.facebook.com' successfully

2018-12-10 00:58:55 - [MESSAGE][PASSED] - Navigate to 'https://www.facebook.com' successfully

2018-12-10 00:58:55 - [TEST_STEP][PASSED] - setText(findTestObject("txt_nama_dpn"), firstname): Text 'Siti' is set on object 'Object Repository/txt_nama_dpn'

2018-12-10 00:58:55 - [MESSAGE][PASSED] - Text 'Siti' is set on object 'Object Repository/txt_nama_dpn'

2018-12-10 00:58:55 - [TEST_STEP][PASSED] - setText(findTestObject("txt_nama_blk"), lastname): Text 'Soetadji' is set on object 'Object Repository/txt_nama_blk'

2018-12-10 00:58:55 - [MESSAGE][PASSED] - Text 'Soetadji' is set on object 'Object Repository/txt_nama_blk'

2018-12-10 00:58:55 - [TEST_STEP][PASSED] - setText(findTestObject("txt_email_no_telp"), email): Text 'surima0912@gmail.com' is set on object 'Object Repository/txt_email_no_telp'

2018-12-10 00:58:55 - [MESSAGE][PASSED] - Text 'surima0912@gmail.com' is set on object 'Object Repository/txt_email_no_telp'

2018-12-10 00:58:55 - [TEST_STEP][PASSED] - delay(3): Delayed 3 second(s)

2018-12-10 00:58:58 - [MESSAGE][PASSED] - Delayed 3 second(s)

2018-12-10 00:58:58 - [TEST_STEP][PASSED] - setText(findTestObject("txt_email_val"), email): Text 'surima0912@gmail.com' is set on object 'Object Repository/txt_email_val'

2018-12-10 00:58:59 - [MESSAGE][PASSED] - Text 'surima0912@gmail.com' is set on object 'Object Repository/txt_email_val'

2018-12-10 00:58:59 - [TEST_STEP][PASSED] - setMaskedText(findTestObject("txt_password"), password): Text '*********' is set on object 'Object Repository/txt_password'

2018-12-10 00:58:59 - [MESSAGE][PASSED] - Text '*********' is set on object 'Object Repository/txt_password'

2018-12-10 00:58:59 - [TEST_STEP][PASSED] - selectOptionByValue(findTestObject("slt_day"), day, false): All options with value '9' are selected in object 'Object Repository/slt_day' 

2018-12-10 00:58:59 - [MESSAGE][PASSED] - All options with value '9' are selected in object 'Object Repository/slt_day' 

2018-12-10 00:58:59 - [TEST_STEP][PASSED] - selectOptionByValue(findTestObject("slt_month"), month, false): All options with value '7' are selected in object 'Object Repository/slt_month' 

2018-12-10 00:58:59 - [MESSAGE][PASSED] - All options with value '7' are selected in object 'Object Repository/slt_month' 

2018-12-10 00:58:59 - [TEST_STEP][PASSED] - selectOptionByValue(findTestObject("slt_year"), year, false): All options with value '1980' are selected in object 'Object Repository/slt_year' 

2018-12-10 00:59:00 - [MESSAGE][PASSED] - All options with value '1980' are selected in object 'Object Repository/slt_year' 

2018-12-10 00:59:00 - [TEST_STEP][PASSED] - if (gender.toLowerCase() == "l"): null

2018-12-10 00:59:00 - [TEST_STEP][PASSED] - else if (gender.toLowerCase() == "p"): Object: 'Object Repository/chk_female' is clicked on

2018-12-10 00:59:00 - [TEST_STEP][PASSED] - click(findTestObject("chk_female")): Object: 'Object Repository/chk_female' is clicked on

2018-12-10 00:59:00 - [MESSAGE][PASSED] - Object: 'Object Repository/chk_female' is clicked on

2018-12-10 00:59:00 - [TEST_STEP][PASSED] - click(findTestObject("btn-register")): Object: 'Object Repository/btn-register' is clicked on

2018-12-10 00:59:00 - [MESSAGE][PASSED] - Object: 'Object Repository/btn-register' is clicked on

2018-12-10 00:59:00 - [TEST_STEP][PASSED] - verifyElementPresent(findTestObject("Home/homePage"), 0): Object 'Object Repository/Home/homePage' is present

2018-12-10 00:59:00 - [MESSAGE][WARNING] - Timeout '0' is invalid. Using default page load timeout: '30'

2018-12-10 00:59:00 - [MESSAGE][PASSED] - Object 'Object Repository/Home/homePage' is present

2018-12-10 00:59:00 - [TEST_STEP][PASSED] - closeBrowser(): Browser is closed

2018-12-10 00:59:01 - [MESSAGE][PASSED] - Browser is closed]]></system-out>
         <system-err><![CDATA[]]></system-err>
      </testcase>
      <system-out><![CDATA[2018-12-10 00:57:54 - [TEST_SUITE][FAILED] - Facebook - Register Multiple User with Email: Test Cases/Register Facebook by Email FAILED.
Reason:
com.kms.katalon.core.exception.StepFailedException: Unable to click on object 'Object Repository/chk_male' (Root cause: com.kms.katalon.core.webui.exception.WebElementNotFoundException: Web element with id: 'Object Repository/chk_male' located by 'By.xpath: //*[@name = 'sex' and @id = 'u_0_a']' not found)
	at com.kms.katalon.core.keyword.internal.KeywordMain.stepFailed(KeywordMain.groovy:36)
	at com.kms.katalon.core.webui.keyword.internal.WebUIKeywordMain.stepFailed(WebUIKeywordMain.groovy:65)
	at com.kms.katalon.core.webui.keyword.internal.WebUIKeywordMain.runKeyword(WebUIKeywordMain.groovy:27)
	at com.kms.katalon.core.webui.keyword.builtin.ClickKeyword.click(ClickKeyword.groovy:86)
	at com.kms.katalon.core.webui.keyword.builtin.ClickKeyword.execute(ClickKeyword.groovy:67)
	at com.kms.katalon.core.keyword.internal.KeywordExecutor.executeKeywordForPlatform(KeywordExecutor.groovy:53)
	at com.kms.katalon.core.webui.keyword.WebUiBuiltInKeywords.click(WebUiBuiltInKeywords.groovy:616)
	at com.kms.katalon.core.webui.keyword.WebUiBuiltInKeywords$click$4.call(Unknown Source)
	at Register Facebook by Email.run(Register Facebook by Email:48)
	at com.kms.katalon.core.main.ScriptEngine.run(ScriptEngine.java:194)
	at com.kms.katalon.core.main.ScriptEngine.runScriptAsRawText(ScriptEngine.java:119)
	at com.kms.katalon.core.main.TestCaseExecutor.runScript(TestCaseExecutor.java:321)
	at com.kms.katalon.core.main.TestCaseExecutor.doExecute(TestCaseExecutor.java:312)
	at com.kms.katalon.core.main.TestCaseExecutor.processExecutionPhase(TestCaseExecutor.java:291)
	at com.kms.katalon.core.main.TestCaseExecutor.accessMainPhase(TestCaseExecutor.java:283)
	at com.kms.katalon.core.main.TestCaseExecutor.execute(TestCaseExecutor.java:222)
	at com.kms.katalon.core.main.TestSuiteExecutor.accessTestCaseMainPhase(TestSuiteExecutor.java:129)
	at com.kms.katalon.core.main.TestSuiteExecutor.accessTestSuiteMainPhase(TestSuiteExecutor.java:112)
	at com.kms.katalon.core.main.TestSuiteExecutor.execute(TestSuiteExecutor.java:81)
	at com.kms.katalon.core.main.TestCaseMain.startTestSuite(TestCaseMain.java:149)
	at com.kms.katalon.core.main.TestCaseMain$startTestSuite$0.call(Unknown Source)
	at TempTestSuite1544378269998.run(TempTestSuite1544378269998.groovy:36)]]></system-out>
      <system-err><![CDATA[2018-12-10 00:57:54 - [TEST_SUITE][FAILED] - Facebook - Register Multiple User with Email: Test Cases/Register Facebook by Email FAILED.
Reason:
com.kms.katalon.core.exception.StepFailedException: Unable to click on object 'Object Repository/chk_male' (Root cause: com.kms.katalon.core.webui.exception.WebElementNotFoundException: Web element with id: 'Object Repository/chk_male' located by 'By.xpath: //*[@name = 'sex' and @id = 'u_0_a']' not found)
	at com.kms.katalon.core.keyword.internal.KeywordMain.stepFailed(KeywordMain.groovy:36)
	at com.kms.katalon.core.webui.keyword.internal.WebUIKeywordMain.stepFailed(WebUIKeywordMain.groovy:65)
	at com.kms.katalon.core.webui.keyword.internal.WebUIKeywordMain.runKeyword(WebUIKeywordMain.groovy:27)
	at com.kms.katalon.core.webui.keyword.builtin.ClickKeyword.click(ClickKeyword.groovy:86)
	at com.kms.katalon.core.webui.keyword.builtin.ClickKeyword.execute(ClickKeyword.groovy:67)
	at com.kms.katalon.core.keyword.internal.KeywordExecutor.executeKeywordForPlatform(KeywordExecutor.groovy:53)
	at com.kms.katalon.core.webui.keyword.WebUiBuiltInKeywords.click(WebUiBuiltInKeywords.groovy:616)
	at com.kms.katalon.core.webui.keyword.WebUiBuiltInKeywords$click$4.call(Unknown Source)
	at Register Facebook by Email.run(Register Facebook by Email:48)
	at com.kms.katalon.core.main.ScriptEngine.run(ScriptEngine.java:194)
	at com.kms.katalon.core.main.ScriptEngine.runScriptAsRawText(ScriptEngine.java:119)
	at com.kms.katalon.core.main.TestCaseExecutor.runScript(TestCaseExecutor.java:321)
	at com.kms.katalon.core.main.TestCaseExecutor.doExecute(TestCaseExecutor.java:312)
	at com.kms.katalon.core.main.TestCaseExecutor.processExecutionPhase(TestCaseExecutor.java:291)
	at com.kms.katalon.core.main.TestCaseExecutor.accessMainPhase(TestCaseExecutor.java:283)
	at com.kms.katalon.core.main.TestCaseExecutor.execute(TestCaseExecutor.java:222)
	at com.kms.katalon.core.main.TestSuiteExecutor.accessTestCaseMainPhase(TestSuiteExecutor.java:129)
	at com.kms.katalon.core.main.TestSuiteExecutor.accessTestSuiteMainPhase(TestSuiteExecutor.java:112)
	at com.kms.katalon.core.main.TestSuiteExecutor.execute(TestSuiteExecutor.java:81)
	at com.kms.katalon.core.main.TestCaseMain.startTestSuite(TestCaseMain.java:149)
	at com.kms.katalon.core.main.TestCaseMain$startTestSuite$0.call(Unknown Source)
	at TempTestSuite1544378269998.run(TempTestSuite1544378269998.groovy:36)]]></system-err>
   </testsuite>
</testsuites>
